Build started 28-06-2012 01:37:57.
     1>Project "C:\Users\arun balaji\My Dev C++ opencv\Projects\CrossNull\CrossNull.vcxproj" on node 2 (rebuild target(s)).
     1>_PrepareForClean:
         Deleting file "Debug\CrossNull.lastbuildstate".
       InitializeBuildStatus:
         Creating "Debug\CrossNull.unsuccessfulbuild" because "AlwaysCreate" was specified.
       ClCompile:
         c:\Program Files (x86)\Microsoft Visual Studio 10.0\VC\bin\CL.exe /c /ZI /nologo /W3 /WX- /Od /Oy- /D WIN32 /D _DEBUG /D _WINDOWS /D _VC80_UPGRADE=0x0710 /D _MBCS /Gm /EHsc /RTC1 /MTd /GS /fp:precise /Zc:wchar_t /Zc:forScope /Fo"Debug\\" /Fd"Debug\vc100.pdb" /Gd /TP /analyze- /errorReport:prompt CrossNull.cpp CrossNullField.cpp WndProc.cpp
         WndProc.cpp
         CrossNullField.cpp
     1>c:\users\arun balaji\my dev c++ opencv\projects\crossnull\crossnullfield.cpp(268): warning C4244: '=' : conversion from 'int' to 'float', possible loss of data
     1>c:\users\arun balaji\my dev c++ opencv\projects\crossnull\crossnullfield.cpp(269): warning C4244: '=' : conversion from 'int' to 'float', possible loss of data
         CrossNull.cpp
         Generating Code...
       ResourceCompile:
         C:\Program Files (x86)\Microsoft SDKs\Windows\v7.0A\bin\rc.exe /D _VC80_UPGRADE=0x0710 /l"0x0409" /nologo /fo"Debug\crossnull.res" crossnull.rc 
       ManifestResourceCompile:
         C:\Program Files (x86)\Microsoft SDKs\Windows\v7.0A\bin\rc.exe /nologo /fo"Debug\CrossNull.exe.embed.manifest.res" Debug\CrossNull_manifest.rc 
       Link:
         c:\Program Files (x86)\Microsoft Visual Studio 10.0\VC\bin\link.exe /ERRORREPORT:PROMPT /OUT:"Debug\CrossNull.exe" /INCREMENTAL /NOLOGO kernel32.lib user32.lib gdi32.lib winspool.lib comdlg32.lib advapi32.lib shell32.lib ole32.lib oleaut32.lib uuid.lib odbc32.lib odbccp32.lib /MANIFEST /ManifestFile:"Debug\CrossNull.exe.intermediate.manifest" /MANIFESTUAC:"level='asInvoker' uiAccess='false'" /DEBUG /PDB:"Debug\CrossNull.pdb" /SUBSYSTEM:WINDOWS /TLBID:1 /DYNAMICBASE /NXCOMPAT /IMPLIB:"Debug\CrossNull.lib" /MACHINE:X86 Debug\crossnull.res
         Debug\CrossNull.exe.embed.manifest.res
         Debug\CrossNull.obj
         Debug\CrossNullField.obj
         Debug\WndProc.obj
       Manifest:
         Deleting file "Debug\CrossNull.exe.embed.manifest".
         C:\Program Files (x86)\Microsoft SDKs\Windows\v7.0A\bin\mt.exe /nologo /verbose /out:"Debug\CrossNull.exe.embed.manifest" /manifest Debug\CrossNull.exe.intermediate.manifest
         C:\Program Files (x86)\Microsoft SDKs\Windows\v7.0A\bin\rc.exe /nologo /fo"Debug\CrossNull.exe.embed.manifest.res" Debug\CrossNull_manifest.rc 
       LinkEmbedManifest:
         c:\Program Files (x86)\Microsoft Visual Studio 10.0\VC\bin\link.exe /ERRORREPORT:PROMPT /OUT:"Debug\CrossNull.exe" /INCREMENTAL /NOLOGO kernel32.lib user32.lib gdi32.lib winspool.lib comdlg32.lib advapi32.lib shell32.lib ole32.lib oleaut32.lib uuid.lib odbc32.lib odbccp32.lib /MANIFEST /ManifestFile:"Debug\CrossNull.exe.intermediate.manifest" /MANIFESTUAC:"level='asInvoker' uiAccess='false'" /DEBUG /PDB:"Debug\CrossNull.pdb" /SUBSYSTEM:WINDOWS /TLBID:1 /DYNAMICBASE /NXCOMPAT /IMPLIB:"Debug\CrossNull.lib" /MACHINE:X86 Debug\crossnull.res
         Debug\CrossNull.exe.embed.manifest.res
         Debug\CrossNull.obj
         Debug\CrossNullField.obj
         Debug\WndProc.obj
         CrossNull.vcxproj -> C:\Users\arun balaji\My Dev C++ opencv\Projects\CrossNull\Debug\CrossNull.exe
       FinalizeBuildStatus:
         Deleting file "Debug\CrossNull.unsuccessfulbuild".
         Touching "Debug\CrossNull.lastbuildstate".
     1>Done Building Project "C:\Users\arun balaji\My Dev C++ opencv\Projects\CrossNull\CrossNull.vcxproj" (rebuild target(s)).

Build succeeded.

Time Elapsed 00:00:05.39
