C:\Users\arun balaji\My Dev C++ opencv\Projects\CrossNull\Debug\cl.command.1.tlog
C:\Users\arun balaji\My Dev C++ opencv\Projects\CrossNull\Debug\CL.read.1.tlog
C:\Users\arun balaji\My Dev C++ opencv\Projects\CrossNull\Debug\CL.write.1.tlog
C:\USERS\ARUN BALAJI\MY DEV C++ OPENCV\PROJECTS\CROSSNULL\DEBUG\CROSSNULL.EXE
C:\USERS\ARUN BALAJI\MY DEV C++ OPENCV\PROJECTS\CROSSNULL\DEBUG\CROSSNULL.EXE.EMBED.MANIFEST
C:\USERS\ARUN BALAJI\MY DEV C++ OPENCV\PROJECTS\CROSSNULL\DEBUG\CROSSNULL.EXE.EMBED.MANIFEST.RES
C:\USERS\ARUN BALAJI\MY DEV C++ OPENCV\PROJECTS\CROSSNULL\DEBUG\CROSSNULL.EXE.INTERMEDIATE.MANIFEST
C:\USERS\ARUN BALAJI\MY DEV C++ OPENCV\PROJECTS\CROSSNULL\DEBUG\CROSSNULL.ILK
C:\USERS\ARUN BALAJI\MY DEV C++ OPENCV\PROJECTS\CROSSNULL\DEBUG\CROSSNULL.OBJ
C:\USERS\ARUN BALAJI\MY DEV C++ OPENCV\PROJECTS\CROSSNULL\DEBUG\CROSSNULL.PDB
C:\USERS\ARUN BALAJI\MY DEV C++ OPENCV\PROJECTS\CROSSNULL\DEBUG\CROSSNULL.RES
C:\Users\arun balaji\My Dev C++ opencv\Projects\CrossNull\Debug\CrossNull_manifest.rc
C:\USERS\ARUN BALAJI\MY DEV C++ OPENCV\PROJECTS\CROSSNULL\DEBUG\CROSSNULLFIELD.OBJ
C:\Users\arun balaji\My Dev C++ opencv\Projects\CrossNull\Debug\link.1344.read.1.tlog
C:\Users\arun balaji\My Dev C++ opencv\Projects\CrossNull\Debug\link.1344.write.1.tlog
C:\Users\arun balaji\My Dev C++ opencv\Projects\CrossNull\Debug\link.1344-cvtres.read.1.tlog
C:\Users\arun balaji\My Dev C++ opencv\Projects\CrossNull\Debug\link.1344-cvtres.write.1.tlog
C:\Users\arun balaji\My Dev C++ opencv\Projects\CrossNull\Debug\link.command.1.tlog
C:\Users\arun balaji\My Dev C++ opencv\Projects\CrossNull\Debug\link.read.1.tlog
C:\Users\arun balaji\My Dev C++ opencv\Projects\CrossNull\Debug\link.write.1.tlog
C:\Users\arun balaji\My Dev C++ opencv\Projects\CrossNull\Debug\link-cvtres.read.1.tlog
C:\Users\arun balaji\My Dev C++ opencv\Projects\CrossNull\Debug\link-cvtres.write.1.tlog
C:\Users\arun balaji\My Dev C++ opencv\Projects\CrossNull\Debug\mt.command.1.tlog
C:\Users\arun balaji\My Dev C++ opencv\Projects\CrossNull\Debug\mt.read.1.tlog
C:\Users\arun balaji\My Dev C++ opencv\Projects\CrossNull\Debug\mt.write.1.tlog
C:\Users\arun balaji\My Dev C++ opencv\Projects\CrossNull\Debug\rc.command.1.tlog
C:\Users\arun balaji\My Dev C++ opencv\Projects\CrossNull\Debug\rc.read.1.tlog
C:\Users\arun balaji\My Dev C++ opencv\Projects\CrossNull\Debug\rc.write.1.tlog
C:\Users\arun balaji\My Dev C++ opencv\Projects\CrossNull\Debug\vc100.idb
C:\USERS\ARUN BALAJI\MY DEV C++ OPENCV\PROJECTS\CROSSNULL\DEBUG\VC100.PDB
C:\USERS\ARUN BALAJI\MY DEV C++ OPENCV\PROJECTS\CROSSNULL\DEBUG\WNDPROC.OBJ
Debug\CrossNull.ilk
Debug\CrossNull.pdb
